sqlite based history database found! Copying...
From https://github.com/adamcstorm/VT.1xxx
 * branch            main       -> FETCH_HEAD
Already up to date.
[main 9ca5bcf] Autocommit from 2024-12-12 17:08:47
 2 files changed, 4 insertions(+)
 create mode 100644 Archive/GitHub_Backup.log
To https://github.com/adamcstorm/VT.1xxx.git
   1fa0b59..9ca5bcf  main -> main
sqlite based history database found! Copying...
From https://github.com/adamcstorm/VT.1xxx
 * branch            main       -> FETCH_HEAD
Already up to date.
[main 9088318] Autocommit from 2024-12-12 18:00:02
 2 files changed, 9 insertions(+)
To https://github.com/adamcstorm/VT.1xxx.git
   9ca5bcf..9088318  main -> main
sqlite based history database found! Copying...
From https://github.com/adamcstorm/VT.1xxx
 * branch            main       -> FETCH_HEAD
Already up to date.
[main 57e70de] Autocommit from 2024-12-12 18:01:02
 1 file changed, 8 insertions(+)
To https://github.com/adamcstorm/VT.1xxx.git
   9088318..57e70de  main -> main
sqlite based history database found! Copying...
From https://github.com/adamcstorm/VT.1xxx
 * branch            main       -> FETCH_HEAD
Already up to date.
[main f954529] Autocommit from 2024-12-12 18:02:01
 1 file changed, 8 insertions(+)
To https://github.com/adamcstorm/VT.1xxx.git
   57e70de..f954529  main -> main
sqlite based history database found! Copying...
From https://github.com/adamcstorm/VT.1xxx
 * branch            main       -> FETCH_HEAD
Already up to date.
[main ff462dc] Autocommit from 2024-12-12 18:03:02
 1 file changed, 8 insertions(+)
To https://github.com/adamcstorm/VT.1xxx.git
   f954529..ff462dc  main -> main
sqlite based history database found! Copying...
From https://github.com/adamcstorm/VT.1xxx
 * branch            main       -> FETCH_HEAD
Already up to date.
[main 411a1db] Autocommit from 2024-12-12 18:04:02
 1 file changed, 8 insertions(+)
To https://github.com/adamcstorm/VT.1xxx.git
   ff462dc..411a1db  main -> main
sqlite based history database found! Copying...
From https://github.com/adamcstorm/VT.1xxx
 * branch            main       -> FETCH_HEAD
Already up to date.
[main d9fefd1] Autocommit from 2024-12-12 18:05:01
 1 file changed, 8 insertions(+)
To https://github.com/adamcstorm/VT.1xxx.git
   411a1db..d9fefd1  main -> main
sqlite based history database found! Copying...
From https://github.com/adamcstorm/VT.1xxx
 * branch            main       -> FETCH_HEAD
Already up to date.
[main d433e9c] Autocommit from 2024-12-12 18:06:02
 1 file changed, 8 insertions(+)
To https://github.com/adamcstorm/VT.1xxx.git
   d9fefd1..d433e9c  main -> main
sqlite based history database found! Copying...
From https://github.com/adamcstorm/VT.1xxx
 * branch            main       -> FETCH_HEAD
Already up to date.
[main 1033d01] Autocommit from 2024-12-12 18:07:02
 1 file changed, 8 insertions(+)
To https://github.com/adamcstorm/VT.1xxx.git
   d433e9c..1033d01  main -> main
sqlite based history database found! Copying...
From https://github.com/adamcstorm/VT.1xxx
 * branch            main       -> FETCH_HEAD
Already up to date.
[main be57204] Autocommit from 2024-12-12 18:08:01
 1 file changed, 8 insertions(+)
To https://github.com/adamcstorm/VT.1xxx.git
   1033d01..be57204  main -> main
sqlite based history database found! Copying...
From https://github.com/adamcstorm/VT.1xxx
 * branch            main       -> FETCH_HEAD
Already up to date.
[main abccc65] Autocommit from 2024-12-12 18:09:02
 1 file changed, 8 insertions(+)
To https://github.com/adamcstorm/VT.1xxx.git
   be57204..abccc65  main -> main
sqlite based history database found! Copying...
From https://github.com/adamcstorm/VT.1xxx
 * branch            main       -> FETCH_HEAD
Already up to date.
[main e7bb7a8] Autocommit from 2024-12-12 18:10:02
 1 file changed, 8 insertions(+)
To https://github.com/adamcstorm/VT.1xxx.git
   abccc65..e7bb7a8  main -> main
sqlite based history database found! Copying...
From https://github.com/adamcstorm/VT.1xxx
 * branch            main       -> FETCH_HEAD
Already up to date.
[main 7ee368a] Autocommit from 2024-12-12 18:11:02
 1 file changed, 8 insertions(+)
To https://github.com/adamcstorm/VT.1xxx.git
   e7bb7a8..7ee368a  main -> main
sqlite based history database found! Copying...
From https://github.com/adamcstorm/VT.1xxx
 * branch            main       -> FETCH_HEAD
Already up to date.
[main db1e5e7] Autocommit from 2024-12-12 18:12:02
 1 file changed, 8 insertions(+)
To https://github.com/adamcstorm/VT.1xxx.git
   7ee368a..db1e5e7  main -> main
sqlite based history database found! Copying...
From https://github.com/adamcstorm/VT.1xxx
 * branch            main       -> FETCH_HEAD
Already up to date.
[main 8256811] Autocommit from 2024-12-12 18:13:02
 1 file changed, 8 insertions(+)
To https://github.com/adamcstorm/VT.1xxx.git
   db1e5e7..8256811  main -> main
sqlite based history database found! Copying...
From https://github.com/adamcstorm/VT.1xxx
 * branch            main       -> FETCH_HEAD
Already up to date.
[main 81ac930] Autocommit from 2024-12-12 18:14:02
 1 file changed, 8 insertions(+)
To https://github.com/adamcstorm/VT.1xxx.git
   8256811..81ac930  main -> main
sqlite based history database found! Copying...
From https://github.com/adamcstorm/VT.1xxx
 * branch            main       -> FETCH_HEAD
Already up to date.
[main d3f9c32] Autocommit from 2024-12-12 18:15:02
 1 file changed, 8 insertions(+)
To https://github.com/adamcstorm/VT.1xxx.git
   81ac930..d3f9c32  main -> main
sqlite based history database found! Copying...
From https://github.com/adamcstorm/VT.1xxx
 * branch            main       -> FETCH_HEAD
Already up to date.
[main 8c9b655] Autocommit from 2024-12-12 18:16:02
 1 file changed, 8 insertions(+)
To https://github.com/adamcstorm/VT.1xxx.git
   d3f9c32..8c9b655  main -> main
sqlite based history database found! Copying...
From https://github.com/adamcstorm/VT.1xxx
 * branch            main       -> FETCH_HEAD
Already up to date.
[main b523e02] Autocommit from 2024-12-12 18:17:02
 1 file changed, 8 insertions(+)
To https://github.com/adamcstorm/VT.1xxx.git
   8c9b655..b523e02  main -> main
sqlite based history database found! Copying...
From https://github.com/adamcstorm/VT.1xxx
 * branch            main       -> FETCH_HEAD
Already up to date.
[main 7093bed] Autocommit from 2024-12-12 18:18:02
 1 file changed, 8 insertions(+)
To https://github.com/adamcstorm/VT.1xxx.git
   b523e02..7093bed  main -> main
sqlite based history database found! Copying...
From https://github.com/adamcstorm/VT.1xxx
 * branch            main       -> FETCH_HEAD
Already up to date.
[main e6c254a] Autocommit from 2024-12-12 18:19:02
 1 file changed, 8 insertions(+)
To https://github.com/adamcstorm/VT.1xxx.git
   7093bed..e6c254a  main -> main
sqlite based history database found! Copying...
From https://github.com/adamcstorm/VT.1xxx
 * branch            main       -> FETCH_HEAD
Already up to date.
[main 5c45691] Autocommit from 2024-12-12 18:20:02
 1 file changed, 8 insertions(+)
To https://github.com/adamcstorm/VT.1xxx.git
   e6c254a..5c45691  main -> main
sqlite based history database found! Copying...
From https://github.com/adamcstorm/VT.1xxx
 * branch            main       -> FETCH_HEAD
Already up to date.
[main e5c75ae] Autocommit from 2024-12-12 18:21:02
 1 file changed, 8 insertions(+)
To https://github.com/adamcstorm/VT.1xxx.git
   5c45691..e5c75ae  main -> main
sqlite based history database found! Copying...
From https://github.com/adamcstorm/VT.1xxx
 * branch            main       -> FETCH_HEAD
Already up to date.
[main 108ca80] Autocommit from 2024-12-12 18:22:02
 1 file changed, 8 insertions(+)
To https://github.com/adamcstorm/VT.1xxx.git
   e5c75ae..108ca80  main -> main
sqlite based history database found! Copying...
From https://github.com/adamcstorm/VT.1xxx
 * branch            main       -> FETCH_HEAD
Already up to date.
[main b1aee33] Autocommit from 2024-12-12 18:23:02
 1 file changed, 8 insertions(+)
To https://github.com/adamcstorm/VT.1xxx.git
   108ca80..b1aee33  main -> main
sqlite based history database found! Copying...
From https://github.com/adamcstorm/VT.1xxx
 * branch            main       -> FETCH_HEAD
Already up to date.
[main 51c22f8] Autocommit from 2024-12-12 18:24:02
 1 file changed, 8 insertions(+)
To https://github.com/adamcstorm/VT.1xxx.git
   b1aee33..51c22f8  main -> main
sqlite based history database found! Copying...
From https://github.com/adamcstorm/VT.1xxx
 * branch            main       -> FETCH_HEAD
Already up to date.
[main 1635bb6] Autocommit from 2024-12-12 18:25:02
 1 file changed, 8 insertions(+)
To https://github.com/adamcstorm/VT.1xxx.git
   51c22f8..1635bb6  main -> main
sqlite based history database found! Copying...
From https://github.com/adamcstorm/VT.1xxx
 * branch            main       -> FETCH_HEAD
Already up to date.
